{"name": "test_Credkart_login_002", "status": "broken", "statusDetails": {"message": "selenium.common.exceptions.TimeoutException: Message: \nStacktrace:\nSymbols not available. Dumping unresolved backtrace:\n\t0x7ff777eef3d5\n\t0x7ff777eef430\n\t0x7ff777c910bd\n\t0x7ff777cec2fe\n\t0x7ff777cec60c\n\t0x7ff777d3d187\n\t0x7ff777d39d08\n\t0x7ff777cdcb0c\n\t0x7ff777cdda53\n\t0x7ff7781cb470\n\t0x7ff7781c586d\n\t0x7ff7781e621a\n\t0x7ff777f0b235\n\t0x7ff777f13a5c\n\t0x7ff777ef8844\n\t0x7ff777ef89f6\n\t0x7ff777edeb87\n\t0x7ffce3cee8d7\n\t0x7ffce454c53c", "trace": "self = <testCases.test_CredKart_User_Profile_001.Test_User_Profile object at 0x0000021AA6DEBED0>\n\n    @allure.title(\"test_Credkart_login_002\")\n    @allure.severity(allure.severity_level.NORMAL)\n    @allure.epic(\"Epic: Userprofile: user login\")\n    @allure.description(\"This testcases is to validate CredKart website  user login\")\n    @allure.link(login_url)\n    @allure.issue(\"user login\")\n    @allure.story(\"CredKart : User login\")\n    @pytest.mark.smoke\n    @pytest.mark.flaky(reruns=1, rerun_delay=1)\n    #@pytest.mark.dependency(depends=[\"test_verify_Credkart_url_001\"])\n    @pytest.mark.order(2)\n    def test_Credkart_login_002(self):\n        self.log.info(\"Testcase test_Credkart_login_002 is started\")\n        self.driver.get(self.login_url)\n        self.log.info(f\"Opening browser and getting {self.login_url}\")\n    \n        # email_id = \"Credencetest@test.com\"\n        # pass_word = \"Credence@123\"\n        self.lp = Login_Page_Class(self.driver)\n        self.log.info(f\"Entering the Email {self.email}\")\n>       self.lp.Enter_Email(self.email)\n\ntestCases\\test_CredKart_User_Profile_001.py:100: \n_ _ _ _ _ _ _ _ _ _ _ _ _ _ _ _ _ _ _ _ _ _ _ _ _ _ _ _ _ _ _ _ _ _ _ _ _ _ _ _ _ _ _ _ _ _ _ _ _ _ _ _ _ _ _ _ _ _ _ _ _ _ _ _ _ _ _ _ _ _ _ _ _ _ _ _ _ _ _ _ _ _ _ _ _ _ _ _ \npageObjects\\Login_page.py:18: in Enter_Email\n    self.wait.until(expected_conditions.visibility_of_element_located((By.ID, self.text_email_id)))\n_ _ _ _ _ _ _ _ _ _ _ _ _ _ _ _ _ _ _ _ _ _ _ _ _ _ _ _ _ _ _ _ _ _ _ _ _ _ _ _ _ _ _ _ _ _ _ _ _ _ _ _ _ _ _ _ _ _ _ _ _ _ _ _ _ _ _ _ _ _ _ _ _ _ _ _ _ _ _ _ _ _ _ _ _ _ _ _ \n\nself = <selenium.webdriver.support.wait.WebDriverWait (session=\"0b260a38710e78dc545cf88b9c50ca15\")>\nmethod = <function visibility_of_element_located.<locals>._predicate at 0x0000021AA6F4F100>, message = ''\n\n    def until(self, method: Callable[[D], Literal[False] | T], message: str = \"\") -> T:\n        \"\"\"Wait until the method returns a value that is not False.\n    \n        Calls the method provided with the driver as an argument until the\n        return value does not evaluate to ``False``.\n    \n        Args:\n            method: A callable object that takes a WebDriver instance as an\n                argument.\n            message: Optional message for TimeoutException.\n    \n        Returns:\n            The result of the last call to `method`.\n    \n        Raises:\n            TimeoutException: If 'method' does not return a truthy value within\n                the WebDriverWait object's timeout.\n    \n        Example:\n            >>> from selenium.webdriver.common.by import By\n            >>> from selenium.webdriver.support.ui import WebDriverWait\n            >>> from selenium.webdriver.support import expected_conditions as EC\n            >>>\n            >>> # Wait until an element is visible on the page\n            >>> wait = WebDriverWait(driver, 10)\n            >>> element = wait.until(EC.visibility_of_element_located((By.ID, \"exampleId\")))\n            >>> print(element.text)\n        \"\"\"\n        screen = None\n        stacktrace = None\n    \n        end_time = time.monotonic() + self._timeout\n        while True:\n            try:\n                value = method(self._driver)\n                if value:\n                    return value\n            except self._ignored_exceptions as exc:\n                screen = getattr(exc, \"screen\", None)\n                stacktrace = getattr(exc, \"stacktrace\", None)\n            if time.monotonic() > end_time:\n                break\n            time.sleep(self._poll)\n>       raise TimeoutException(message, screen, stacktrace)\nE       selenium.common.exceptions.TimeoutException: Message: \nE       Stacktrace:\nE       Symbols not available. Dumping unresolved backtrace:\nE       \t0x7ff777eef3d5\nE       \t0x7ff777eef430\nE       \t0x7ff777c910bd\nE       \t0x7ff777cec2fe\nE       \t0x7ff777cec60c\nE       \t0x7ff777d3d187\nE       \t0x7ff777d39d08\nE       \t0x7ff777cdcb0c\nE       \t0x7ff777cdda53\nE       \t0x7ff7781cb470\nE       \t0x7ff7781c586d\nE       \t0x7ff7781e621a\nE       \t0x7ff777f0b235\nE       \t0x7ff777f13a5c\nE       \t0x7ff777ef8844\nE       \t0x7ff777ef89f6\nE       \t0x7ff777edeb87\nE       \t0x7ffce3cee8d7\nE       \t0x7ffce454c53c\n\n.venv\\Lib\\site-packages\\selenium\\webdriver\\support\\wait.py:121: TimeoutException"}, "description": "This testcases is to validate CredKart website  user login", "attachments": [{"name": "log", "source": "6bf5601b-c9ea-476a-b4e5-33c255d80e68-attachment.txt", "type": "text/plain"}, {"name": "stdout", "source": "8659a7c0-5288-4581-94bd-b2a1974b8f48-attachment.txt", "type": "text/plain"}], "start": 1770304772330, "stop": 1770304795473, "uuid": "fe6033d8-826f-46b9-ad35-9f3ea1e9221a", "historyId": "b5c83616cb9ab1e7b4bcb05a5eea3a30", "testCaseId": "b5c83616cb9ab1e7b4bcb05a5eea3a30", "fullName": "testCases.test_CredKart_User_Profile_001.Test_User_Profile#test_Credkart_login_002", "labels": [{"name": "story", "value": "CredKart : User login"}, {"name": "severity", "value": "normal"}, {"name": "epic", "value": "Epic: Userprofile: user login"}, {"name": "tag", "value": "smoke"}, {"name": "parentSuite", "value": "testCases"}, {"name": "suite", "value": "test_CredKart_User_Profile_001"}, {"name": "subSuite", "value": "Test_User_Profile"}, {"name": "host", "value": "LAPTOP-SCTTIFVI"}, {"name": "thread", "value": "17268-MainThread"}, {"name": "framework", "value": "pytest"}, {"name": "language", "value": "cpython3"}, {"name": "package", "value": "testCases.test_CredKart_User_Profile_001"}], "links": [{"type": "issue", "url": "user login", "name": "user login"}, {"type": "link", "url": "https://automation.credence.in/login", "name": "https://automation.credence.in/login"}], "titlePath": ["testCases", "test_CredKart_User_Profile_001.py", "Test_User_Profile"]}