{"name": "test_Credkart_login_002", "status": "failed", "statusDetails": {"message": "AssertionError: User Login Fail\nassert False", "trace": "self = <testCases.test_CredKart_User_Profile_001.Test_User_Profile object at 0x00000194D48F7610>\n\n    @allure.title(\"test_Credkart_login_002\")\n    @allure.severity(allure.severity_level.NORMAL)\n    @allure.epic(\"Epic: Userprofile: user login\")\n    @allure.description(\"This testcases is to validate CredKart website  user login\")\n    @allure.link(login_url)\n    @allure.issue(\"user login\")\n    @allure.story(\"CredKart : User login\")\n    @pytest.mark.smoke\n    @pytest.mark.flaky(reruns=1, rerun_delay=1)\n    #@pytest.mark.dependency(depends=[\"test_verify_Credkart_url_001\"])\n    @pytest.mark.order(2)\n    def test_Credkart_login_002(self):\n        self.log.info(\"Testcase test_Credkart_login_002 is started\")\n        self.driver.get(self.login_url)\n        self.log.info(f\"Opening browser and getting {self.login_url}\")\n    \n        # email_id = \"Credencetest@test.com\"\n        # pass_word = \"Credence@123\"\n        self.lp = Login_Page_Class(self.driver) # login page class object and now we can access the methods\n    \n        # Enter Username\n        # email = self.driver.find_element(By.XPATH, \"//input[@id='email']\")\n        # email.send_keys(email_id)\n        self.log.info(f\"Entering the Email {self.email}\")\n        self.lp.Enter_Email(self.email)\n    \n    \n        # Enter Password\n        # password = self.driver.find_element(By.XPATH, \"//input[@id='password']\")\n        # password.send_keys(pass_word)\n        self.log.info(f\"Entering the password\")\n        self.lp.Enter_Password(self.password)\n    \n        # Click on Login button\n        # login_button = self.driver.find_element(By.CSS_SELECTOR, \"button[type='submit']\")\n        # login_button.click()\n        self.log.info(f\"Clicking on login button\")\n        self.lp.Click_Login_Register_Button()\n    \n        # wait = WebDriverWait(self.driver, 5)\n        # try:\n        #     wait.until(expected_conditions.visibility_of_element_located((By.XPATH, \"/html/body/div/div[1]/p[1]\")))\n        #     element = self.driver.find_element(By.XPATH, \"/html/body/div/div[1]/p[1]\")\n        #     print(\"User Login Successful\")\n        #     # driver.save_screenshot(f\"User Login Successful_{email_id}.png\")\n        #     menu = self.driver.find_element(By.XPATH, \"//a[@role='button']\")\n        #     menu.click()\n        #     logout = self.driver.find_element(By.XPATH, \"//a[normalize-space()='Logout']\")\n        #     logout.click()\n        #\n        #\n        # except:\n        #     print(\"User Login Fail\")\n        #     # driver.save_screenshot(f\"User Login Fail_{email_id}.png\")\n        #     assert False, \"User Login Fail\"\n    \n        self.log.info(f\"Checking the login status\")\n        if self.lp.verify_menu_button_visibility() == \"pass\":\n            self.log.info(f\"User login successful and taking screenshot\")\n            self.driver.save_screenshot(f\".\\\\Screenshots\\\\User Login Successful_{self.email}.png\")\n            allure.attach.file(f\".\\\\Screenshots\\\\User Login Successful_{self.email}\",\n                               attachment_type=allure.attachment_type.PNG\n                               )\n            self.log.info(f\"Clicking on menu button\")\n            self.lp.Click_Menu_button()\n            self.log.info(f\"Clicking on logout button\")\n            self.lp.Click_Logout_button()\n        else:\n            self.log.info(f\"User login fail and taking screenshot\")\n            self.driver.save_screenshot(f\".\\\\Screenshots\\\\User Login Fail_{self.email}.png\")\n            allure.attach.file(f\".\\\\Screenshots\\\\User Login Fail_{self.email}.png\",\n                               attachment_type=allure.attachment_type.PNG\n                               )\n>           assert False, \"User Login Fail\"\nE           AssertionError: User Login Fail\nE           assert False\n\ntestCases\\test_CredKart_User_Profile_001.py:157: AssertionError"}, "description": "This testcases is to validate CredKart website  user login", "attachments": [{"source": "548c7a99-2aec-48a7-bfd3-771e1a857d9f-attachment.png", "type": "image/png"}, {"name": "log", "source": "f2af703d-cb45-4538-8439-b71e0dd15fb5-attachment.txt", "type": "text/plain"}], "start": 1770272415398, "stop": 1770272574127, "uuid": "6b765d1c-84a7-4011-8556-25d2f9b2abc0", "historyId": "b5c83616cb9ab1e7b4bcb05a5eea3a30", "testCaseId": "b5c83616cb9ab1e7b4bcb05a5eea3a30", "fullName": "testCases.test_CredKart_User_Profile_001.Test_User_Profile#test_Credkart_login_002", "labels": [{"name": "story", "value": "CredKart : User login"}, {"name": "severity", "value": "normal"}, {"name": "epic", "value": "Epic: Userprofile: user login"}, {"name": "tag", "value": "smoke"}, {"name": "parentSuite", "value": "testCases"}, {"name": "suite", "value": "test_CredKart_User_Profile_001"}, {"name": "subSuite", "value": "Test_User_Profile"}, {"name": "host", "value": "LAPTOP-SCTTIFVI"}, {"name": "thread", "value": "18548-MainThread"}, {"name": "framework", "value": "pytest"}, {"name": "language", "value": "cpython3"}, {"name": "package", "value": "testCases.test_CredKart_User_Profile_001"}], "links": [{"type": "issue", "url": "user login", "name": "user login"}, {"type": "link", "url": "https://automation.credence.in/login", "name": "https://automation.credence.in/login"}], "titlePath": ["testCases", "test_CredKart_User_Profile_001.py", "Test_User_Profile"]}